Run 1:  Wed Aug 15 22:09:43 2018.  caltech1.1.46475.
        Em version 14.52 (64-bit Windows) on wanduialbert-XP local.

  Project:  C:\users\wanduialbert\Desktop\research_stuff\resobolo\masks\resobolo_files\waffle_inductor.son.

    Frequency:  100 MHZ
      Subsectioning at 2000 MHz with Eeff of 6.45.
      Subsectioning time:  1 second.
      De-embedding information for left box wall port(s):
        Left SOC Electric Wall: 479 microns length, 106 subsections, 24 MB.
        Left SOC Magnetic Wall: 958 microns length, 102 subsections, 24 MB.
      Em license feature:  emhighperformance.
      Circuit requires 4900 subsections and 257 MB of memory.

      Subsections by level and type:
      Level 0:
        Staircase:  4900

      Required memory by type:
        System matrix:            183 MB
        Elemental subsections:
          Primary structure:      1 MB
          Left standard:          0 MB
        Fourier transform:        62 MB
        Waveguide mode:           8 MB
        Adaptive band synthesis:  1 MB
        Miscellaneous:            1 MB
        TOTAL REQUIRED MEMORY:    257 MB

      Matrix solver:  internal 64-bit SSE with loss.
      Simulation mode:  local machine.
      Threads:  using 8 thread(s), 8 core(s) available.
      Waveguide mode time:  0.058 seconds.
      Fourier transform time:  2 seconds.
      Coupling time:  2 seconds.
      Loss time:  0.153 seconds.
      Matrix fill time:  5 seconds.
      Matrix solve time:  4 seconds.
      De-embedding time for left box wall:
        SOC Electric Wall Std: 1 second.
        SOC Magnetic Wall Std: 1 second.
        Total:                 2 seconds.
      Total time per frequency:  12 seconds.

    Frequency:  2000 MHZ
      ABS time:  0.083 seconds.

    Frequency:  425 MHZ
      ABS time:  0.094 seconds.

    Post-Analysis:
      Total time for 3 frequencies:  38 seconds.

Analysis completed Wed Aug 15 22:10:21 2018.
